Copyright 1986-2020 Xilinx, Inc. All Rights Reserved.
-----------------------------------------------------------------------------------------------------------------------------------------------------------------------------
| Tool Version : Vivado v.2020.1 (win64) Build 2902540 Wed May 27 19:54:49 MDT 2020
| Date         : Tue Apr 19 07:46:13 2022
| Host         : DESKTOP-IOM2HT6 running 64-bit major release  (build 9200)
| Command      : report_methodology -file clawgame_proc_methodology_drc_routed.rpt -pb clawgame_proc_methodology_drc_routed.pb -rpx clawgame_proc_methodology_drc_routed.rpx
| Design       : clawgame_proc
| Device       : xc7a100tcsg324-1
| Speed File   : -1
| Design State : Fully Routed
-----------------------------------------------------------------------------------------------------------------------------------------------------------------------------

Report Methodology

Table of Contents
-----------------
1. REPORT SUMMARY
2. REPORT DETAILS

1. REPORT SUMMARY
-----------------
            Netlist: netlist
          Floorplan: design_1
      Design limits: <entire design considered>
             Max violations: <unlimited>
             Violations found: 211
+-----------+------------------+--------------------------------------------+------------+
| Rule      | Severity         | Description                                | Violations |
+-----------+------------------+--------------------------------------------+------------+
| TIMING-17 | Critical Warning | Non-clocked sequential cell                | 16         |
| SYNTH-6   | Warning          | Timing of a RAM block might be sub-optimal | 2          |
| TIMING-16 | Warning          | Large setup violation                      | 176        |
| TIMING-18 | Warning          | Missing input or output delay              | 17         |
+-----------+------------------+--------------------------------------------+------------+

2. REPORT DETAILS
-----------------
TIMING-17#1 Critical Warning
Non-clocked sequential cell  
The clock pin scoreReg_reg[0]/C is not reached by a timing clock
Related violations: <none>

TIMING-17#2 Critical Warning
Non-clocked sequential cell  
The clock pin scoreReg_reg[10]/C is not reached by a timing clock
Related violations: <none>

TIMING-17#3 Critical Warning
Non-clocked sequential cell  
The clock pin scoreReg_reg[11]/C is not reached by a timing clock
Related violations: <none>

TIMING-17#4 Critical Warning
Non-clocked sequential cell  
The clock pin scoreReg_reg[12]/C is not reached by a timing clock
Related violations: <none>

TIMING-17#5 Critical Warning
Non-clocked sequential cell  
The clock pin scoreReg_reg[13]/C is not reached by a timing clock
Related violations: <none>

TIMING-17#6 Critical Warning
Non-clocked sequential cell  
The clock pin scoreReg_reg[14]/C is not reached by a timing clock
Related violations: <none>

TIMING-17#7 Critical Warning
Non-clocked sequential cell  
The clock pin scoreReg_reg[15]/C is not reached by a timing clock
Related violations: <none>

TIMING-17#8 Critical Warning
Non-clocked sequential cell  
The clock pin scoreReg_reg[1]/C is not reached by a timing clock
Related violations: <none>

TIMING-17#9 Critical Warning
Non-clocked sequential cell  
The clock pin scoreReg_reg[2]/C is not reached by a timing clock
Related violations: <none>

TIMING-17#10 Critical Warning
Non-clocked sequential cell  
The clock pin scoreReg_reg[3]/C is not reached by a timing clock
Related violations: <none>

TIMING-17#11 Critical Warning
Non-clocked sequential cell  
The clock pin scoreReg_reg[4]/C is not reached by a timing clock
Related violations: <none>

TIMING-17#12 Critical Warning
Non-clocked sequential cell  
The clock pin scoreReg_reg[5]/C is not reached by a timing clock
Related violations: <none>

TIMING-17#13 Critical Warning
Non-clocked sequential cell  
The clock pin scoreReg_reg[6]/C is not reached by a timing clock
Related violations: <none>

TIMING-17#14 Critical Warning
Non-clocked sequential cell  
The clock pin scoreReg_reg[7]/C is not reached by a timing clock
Related violations: <none>

TIMING-17#15 Critical Warning
Non-clocked sequential cell  
The clock pin scoreReg_reg[8]/C is not reached by a timing clock
Related violations: <none>

TIMING-17#16 Critical Warning
Non-clocked sequential cell  
The clock pin scoreReg_reg[9]/C is not reached by a timing clock
Related violations: <none>

SYNTH-6#1 Warning
Timing of a RAM block might be sub-optimal  
The timing for the instance WRAPPER/InstMem/dataOut_reg_0, implemented as a RAM block, might be sub-optimal as no output register was merged into the block.
Related violations: <none>

SYNTH-6#2 Warning
Timing of a RAM block might be sub-optimal  
The timing for the instance WRAPPER/InstMem/dataOut_reg_1, implemented as a RAM block, might be sub-optimal as no output register was merged into the block.
Related violations: <none>

TIMING-16#1 Warning
Large setup violation  
There is a large setup violation of -1.035 ns between WRAPPER/CPU/MW_IR_reg/loop1[31].dff/q_reg_replica/C (clocked by sys_clk_pin) and WRAPPER/CPU/DX_PC_reg/loop1[13].dff/q_reg/D (clocked by sys_clk_pin). Large setup violations at the end of those stages might be difficult to fix during the post-placement implementation flow and could be the result of non-optimal XDC constraints or non-optimal design architecture
Related violations: <none>

TIMING-16#2 Warning
Large setup violation  
There is a large setup violation of -1.050 ns between WRAPPER/CPU/MW_IR_reg/loop1[31].dff/q_reg_replica/C (clocked by sys_clk_pin) and WRAPPER/CPU/DX_IR_reg/loop1[25].dff/q_reg/D (clocked by sys_clk_pin). Large setup violations at the end of those stages might be difficult to fix during the post-placement implementation flow and could be the result of non-optimal XDC constraints or non-optimal design architecture
Related violations: <none>

TIMING-16#3 Warning
Large setup violation  
There is a large setup violation of -1.056 ns between WRAPPER/CPU/MW_IR_reg/loop1[31].dff/q_reg_replica/C (clocked by sys_clk_pin) and WRAPPER/CPU/DX_PC_reg/loop1[21].dff/q_reg/D (clocked by sys_clk_pin). Large setup violations at the end of those stages might be difficult to fix during the post-placement implementation flow and could be the result of non-optimal XDC constraints or non-optimal design architecture
Related violations: <none>

TIMING-16#4 Warning
Large setup violation  
There is a large setup violation of -1.056 ns between WRAPPER/CPU/MW_IR_reg/loop1[31].dff/q_reg_replica/C (clocked by sys_clk_pin) and WRAPPER/CPU/FD_PC_reg/loop1[5].dff/q_reg/D (clocked by sys_clk_pin). Large setup violations at the end of those stages might be difficult to fix during the post-placement implementation flow and could be the result of non-optimal XDC constraints or non-optimal design architecture
Related violations: <none>

TIMING-16#5 Warning
Large setup violation  
There is a large setup violation of -1.061 ns between WRAPPER/CPU/MW_IR_reg/loop1[31].dff/q_reg_replica/C (clocked by sys_clk_pin) and WRAPPER/CPU/FD_IR_reg/loop1[31].dff/q_reg/D (clocked by sys_clk_pin). Large setup violations at the end of those stages might be difficult to fix during the post-placement implementation flow and could be the result of non-optimal XDC constraints or non-optimal design architecture
Related violations: <none>

TIMING-16#6 Warning
Large setup violation  
There is a large setup violation of -1.064 ns between WRAPPER/CPU/MW_IR_reg/loop1[31].dff/q_reg_replica/C (clocked by sys_clk_pin) and WRAPPER/CPU/DX_PC_reg/loop1[10].dff/q_reg/D (clocked by sys_clk_pin). Large setup violations at the end of those stages might be difficult to fix during the post-placement implementation flow and could be the result of non-optimal XDC constraints or non-optimal design architecture
Related violations: <none>

TIMING-16#7 Warning
Large setup violation  
There is a large setup violation of -1.068 ns between WRAPPER/CPU/MW_IR_reg/loop1[31].dff/q_reg_replica/C (clocked by sys_clk_pin) and WRAPPER/CPU/DX_PC_reg/loop1[6].dff/q_reg/D (clocked by sys_clk_pin). Large setup violations at the end of those stages might be difficult to fix during the post-placement implementation flow and could be the result of non-optimal XDC constraints or non-optimal design architecture
Related violations: <none>

TIMING-16#8 Warning
Large setup violation  
There is a large setup violation of -1.076 ns between WRAPPER/CPU/MW_IR_reg/loop1[31].dff/q_reg_replica/C (clocked by sys_clk_pin) and WRAPPER/CPU/DX_IR_reg/loop1[9].dff/q_reg/D (clocked by sys_clk_pin). Large setup violations at the end of those stages might be difficult to fix during the post-placement implementation flow and could be the result of non-optimal XDC constraints or non-optimal design architecture
Related violations: <none>

TIMING-16#9 Warning
Large setup violation  
There is a large setup violation of -1.096 ns between WRAPPER/CPU/MW_IR_reg/loop1[31].dff/q_reg_replica/C (clocked by sys_clk_pin) and WRAPPER/CPU/DX_IR_reg/loop1[31].dff/q_reg/D (clocked by sys_clk_pin). Large setup violations at the end of those stages might be difficult to fix during the post-placement implementation flow and could be the result of non-optimal XDC constraints or non-optimal design architecture
Related violations: <none>

TIMING-16#10 Warning
Large setup violation  
There is a large setup violation of -1.096 ns between WRAPPER/CPU/MW_IR_reg/loop1[31].dff/q_reg_replica/C (clocked by sys_clk_pin) and WRAPPER/CPU/DX_PC_reg/loop1[23].dff/q_reg/D (clocked by sys_clk_pin). Large setup violations at the end of those stages might be difficult to fix during the post-placement implementation flow and could be the result of non-optimal XDC constraints or non-optimal design architecture
Related violations: <none>

TIMING-16#11 Warning
Large setup violation  
There is a large setup violation of -1.113 ns between WRAPPER/CPU/MW_IR_reg/loop1[31].dff/q_reg_replica/C (clocked by sys_clk_pin) and WRAPPER/CPU/DX_IR_reg/loop1[22].dff/q_reg/D (clocked by sys_clk_pin). Large setup violations at the end of those stages might be difficult to fix during the post-placement implementation flow and could be the result of non-optimal XDC constraints or non-optimal design architecture
Related violations: <none>

TIMING-16#12 Warning
Large setup violation  
There is a large setup violation of -1.115 ns between WRAPPER/CPU/MW_IR_reg/loop1[31].dff/q_reg_replica/C (clocked by sys_clk_pin) and WRAPPER/CPU/DX_PC_reg/loop1[7].dff/q_reg/D (clocked by sys_clk_pin). Large setup violations at the end of those stages might be difficult to fix during the post-placement implementation flow and could be the result of non-optimal XDC constraints or non-optimal design architecture
Related violations: <none>

TIMING-16#13 Warning
Large setup violation  
There is a large setup violation of -1.124 ns between WRAPPER/CPU/MW_IR_reg/loop1[31].dff/q_reg_replica/C (clocked by sys_clk_pin) and WRAPPER/CPU/DX_IR_reg/loop1[0].dff/q_reg/D (clocked by sys_clk_pin). Large setup violations at the end of those stages might be difficult to fix during the post-placement implementation flow and could be the result of non-optimal XDC constraints or non-optimal design architecture
Related violations: <none>

TIMING-16#14 Warning
Large setup violation  
There is a large setup violation of -1.126 ns between WRAPPER/CPU/MW_IR_reg/loop1[31].dff/q_reg_replica/C (clocked by sys_clk_pin) and WRAPPER/CPU/DX_PC_reg/loop1[28].dff/q_reg/D (clocked by sys_clk_pin). Large setup violations at the end of those stages might be difficult to fix during the post-placement implementation flow and could be the result of non-optimal XDC constraints or non-optimal design architecture
Related violations: <none>

TIMING-16#15 Warning
Large setup violation  
There is a large setup violation of -1.129 ns between WRAPPER/CPU/MW_IR_reg/loop1[31].dff/q_reg_replica/C (clocked by sys_clk_pin) and WRAPPER/CPU/DX_PC_reg/loop1[31].dff/q_reg/D (clocked by sys_clk_pin). Large setup violations at the end of those stages might be difficult to fix during the post-placement implementation flow and could be the result of non-optimal XDC constraints or non-optimal design architecture
Related violations: <none>

TIMING-16#16 Warning
Large setup violation  
There is a large setup violation of -1.146 ns between WRAPPER/CPU/MW_IR_reg/loop1[31].dff/q_reg_replica/C (clocked by sys_clk_pin) and WRAPPER/CPU/DX_PC_reg/loop1[5].dff/q_reg/D (clocked by sys_clk_pin). Large setup violations at the end of those stages might be difficult to fix during the post-placement implementation flow and could be the result of non-optimal XDC constraints or non-optimal design architecture
Related violations: <none>

TIMING-16#17 Warning
Large setup violation  
There is a large setup violation of -1.151 ns between WRAPPER/CPU/MW_IR_reg/loop1[31].dff/q_reg_replica/C (clocked by sys_clk_pin) and WRAPPER/CPU/DX_PC_reg/loop1[22].dff/q_reg/D (clocked by sys_clk_pin). Large setup violations at the end of those stages might be difficult to fix during the post-placement implementation flow and could be the result of non-optimal XDC constraints or non-optimal design architecture
Related violations: <none>

TIMING-16#18 Warning
Large setup violation  
There is a large setup violation of -1.151 ns between WRAPPER/CPU/MW_IR_reg/loop1[31].dff/q_reg_replica/C (clocked by sys_clk_pin) and WRAPPER/CPU/DX_PC_reg/loop1[9].dff/q_reg/D (clocked by sys_clk_pin). Large setup violations at the end of those stages might be difficult to fix during the post-placement implementation flow and could be the result of non-optimal XDC constraints or non-optimal design architecture
Related violations: <none>

TIMING-16#19 Warning
Large setup violation  
There is a large setup violation of -1.153 ns between WRAPPER/CPU/MW_IR_reg/loop1[31].dff/q_reg_replica/C (clocked by sys_clk_pin) and WRAPPER/CPU/DX_PC_reg/loop1[3].dff/q_reg/D (clocked by sys_clk_pin). Large setup violations at the end of those stages might be difficult to fix during the post-placement implementation flow and could be the result of non-optimal XDC constraints or non-optimal design architecture
Related violations: <none>

TIMING-16#20 Warning
Large setup violation  
There is a large setup violation of -1.155 ns between WRAPPER/CPU/MW_IR_reg/loop1[31].dff/q_reg_replica/C (clocked by sys_clk_pin) and WRAPPER/CPU/DX_PC_reg/loop1[18].dff/q_reg/D (clocked by sys_clk_pin). Large setup violations at the end of those stages might be difficult to fix during the post-placement implementation flow and could be the result of non-optimal XDC constraints or non-optimal design architecture
Related violations: <none>

TIMING-16#21 Warning
Large setup violation  
There is a large setup violation of -1.158 ns between WRAPPER/CPU/MW_IR_reg/loop1[31].dff/q_reg_replica/C (clocked by sys_clk_pin) and WRAPPER/CPU/DX_PC_reg/loop1[2].dff/q_reg/D (clocked by sys_clk_pin). Large setup violations at the end of those stages might be difficult to fix during the post-placement implementation flow and could be the result of non-optimal XDC constraints or non-optimal design architecture
Related violations: <none>

TIMING-16#22 Warning
Large setup violation  
There is a large setup violation of -1.174 ns between WRAPPER/CPU/MW_IR_reg/loop1[31].dff/q_reg_replica/C (clocked by sys_clk_pin) and WRAPPER/CPU/DX_PC_reg/loop1[29].dff/q_reg/D (clocked by sys_clk_pin). Large setup violations at the end of those stages might be difficult to fix during the post-placement implementation flow and could be the result of non-optimal XDC constraints or non-optimal design architecture
Related violations: <none>

TIMING-16#23 Warning
Large setup violation  
There is a large setup violation of -1.176 ns between WRAPPER/CPU/MW_IR_reg/loop1[31].dff/q_reg_replica/C (clocked by sys_clk_pin) and WRAPPER/CPU/DX_PC_reg/loop1[20].dff/q_reg/D (clocked by sys_clk_pin). Large setup violations at the end of those stages might be difficult to fix during the post-placement implementation flow and could be the result of non-optimal XDC constraints or non-optimal design architecture
Related violations: <none>

TIMING-16#24 Warning
Large setup violation  
There is a large setup violation of -1.178 ns between WRAPPER/CPU/MW_IR_reg/loop1[31].dff/q_reg_replica/C (clocked by sys_clk_pin) and WRAPPER/CPU/DX_B_reg/loop1[8].dff/q_reg/D (clocked by sys_clk_pin). Large setup violations at the end of those stages might be difficult to fix during the post-placement implementation flow and could be the result of non-optimal XDC constraints or non-optimal design architecture
Related violations: <none>

TIMING-16#25 Warning
Large setup violation  
There is a large setup violation of -1.189 ns between WRAPPER/CPU/MW_IR_reg/loop1[31].dff/q_reg_replica/C (clocked by sys_clk_pin) and WRAPPER/CPU/FD_PC_reg/loop1[11].dff/q_reg/D (clocked by sys_clk_pin). Large setup violations at the end of those stages might be difficult to fix during the post-placement implementation flow and could be the result of non-optimal XDC constraints or non-optimal design architecture
Related violations: <none>

TIMING-16#26 Warning
Large setup violation  
There is a large setup violation of -1.195 ns between WRAPPER/CPU/MW_IR_reg/loop1[31].dff/q_reg_replica/C (clocked by sys_clk_pin) and WRAPPER/CPU/DX_B_reg/loop1[30].dff/q_reg/D (clocked by sys_clk_pin). Large setup violations at the end of those stages might be difficult to fix during the post-placement implementation flow and could be the result of non-optimal XDC constraints or non-optimal design architecture
Related violations: <none>

TIMING-16#27 Warning
Large setup violation  
There is a large setup violation of -1.199 ns between WRAPPER/CPU/MW_IR_reg/loop1[31].dff/q_reg_replica/C (clocked by sys_clk_pin) and WRAPPER/CPU/DX_IR_reg/loop1[29].dff/q_reg/D (clocked by sys_clk_pin). Large setup violations at the end of those stages might be difficult to fix during the post-placement implementation flow and could be the result of non-optimal XDC constraints or non-optimal design architecture
Related violations: <none>

TIMING-16#28 Warning
Large setup violation  
There is a large setup violation of -1.202 ns between WRAPPER/CPU/MW_IR_reg/loop1[31].dff/q_reg_replica/C (clocked by sys_clk_pin) and WRAPPER/CPU/DX_PC_reg/loop1[19].dff/q_reg/D (clocked by sys_clk_pin). Large setup violations at the end of those stages might be difficult to fix during the post-placement implementation flow and could be the result of non-optimal XDC constraints or non-optimal design architecture
Related violations: <none>

TIMING-16#29 Warning
Large setup violation  
There is a large setup violation of -1.204 ns between WRAPPER/CPU/MW_IR_reg/loop1[31].dff/q_reg_replica/C (clocked by sys_clk_pin) and WRAPPER/CPU/DX_PC_reg/loop1[30].dff/q_reg/D (clocked by sys_clk_pin). Large setup violations at the end of those stages might be difficult to fix during the post-placement implementation flow and could be the result of non-optimal XDC constraints or non-optimal design architecture
Related violations: <none>

TIMING-16#30 Warning
Large setup violation  
There is a large setup violation of -1.209 ns between WRAPPER/CPU/MW_IR_reg/loop1[31].dff/q_reg_replica/C (clocked by sys_clk_pin) and WRAPPER/CPU/DX_PC_reg/loop1[16].dff/q_reg/D (clocked by sys_clk_pin). Large setup violations at the end of those stages might be difficult to fix during the post-placement implementation flow and could be the result of non-optimal XDC constraints or non-optimal design architecture
Related violations: <none>

TIMING-16#31 Warning
Large setup violation  
There is a large setup violation of -1.212 ns between WRAPPER/CPU/MW_IR_reg/loop1[31].dff/q_reg_replica/C (clocked by sys_clk_pin) and WRAPPER/CPU/DX_PC_reg/loop1[4].dff/q_reg/D (clocked by sys_clk_pin). Large setup violations at the end of those stages might be difficult to fix during the post-placement implementation flow and could be the result of non-optimal XDC constraints or non-optimal design architecture
Related violations: <none>

TIMING-16#32 Warning
Large setup violation  
There is a large setup violation of -1.222 ns between WRAPPER/CPU/MW_IR_reg/loop1[31].dff/q_reg_replica/C (clocked by sys_clk_pin) and WRAPPER/CPU/DX_PC_reg/loop1[27].dff/q_reg/D (clocked by sys_clk_pin). Large setup violations at the end of those stages might be difficult to fix during the post-placement implementation flow and could be the result of non-optimal XDC constraints or non-optimal design architecture
Related violations: <none>

TIMING-16#33 Warning
Large setup violation  
There is a large setup violation of -1.227 ns between WRAPPER/CPU/MW_IR_reg/loop1[31].dff/q_reg_replica/C (clocked by sys_clk_pin) and WRAPPER/CPU/DX_A_reg/loop1[8].dff/q_reg/D (clocked by sys_clk_pin). Large setup violations at the end of those stages might be difficult to fix during the post-placement implementation flow and could be the result of non-optimal XDC constraints or non-optimal design architecture
Related violations: <none>

TIMING-16#34 Warning
Large setup violation  
There is a large setup violation of -1.232 ns between WRAPPER/CPU/MW_IR_reg/loop1[31].dff/q_reg_replica/C (clocked by sys_clk_pin) and WRAPPER/CPU/XM_O_reg/loop1[31].dff/q_reg/D (clocked by sys_clk_pin). Large setup violations at the end of those stages might be difficult to fix during the post-placement implementation flow and could be the result of non-optimal XDC constraints or non-optimal design architecture
Related violations: <none>

TIMING-16#35 Warning
Large setup violation  
There is a large setup violation of -1.238 ns between WRAPPER/CPU/MW_IR_reg/loop1[31].dff/q_reg_replica/C (clocked by sys_clk_pin) and WRAPPER/CPU/DX_PC_reg/loop1[0].dff/q_reg/D (clocked by sys_clk_pin). Large setup violations at the end of those stages might be difficult to fix during the post-placement implementation flow and could be the result of non-optimal XDC constraints or non-optimal design architecture
Related violations: <none>

TIMING-16#36 Warning
Large setup violation  
There is a large setup violation of -1.244 ns between WRAPPER/CPU/MW_IR_reg/loop1[31].dff/q_reg_replica/C (clocked by sys_clk_pin) and WRAPPER/CPU/DX_A_reg/loop1[30].dff/q_reg/D (clocked by sys_clk_pin). Large setup violations at the end of those stages might be difficult to fix during the post-placement implementation flow and could be the result of non-optimal XDC constraints or non-optimal design architecture
Related violations: <none>

TIMING-16#37 Warning
Large setup violation  
There is a large setup violation of -1.246 ns between WRAPPER/CPU/MW_IR_reg/loop1[31].dff/q_reg_replica/C (clocked by sys_clk_pin) and WRAPPER/CPU/DX_PC_reg/loop1[24].dff/q_reg/D (clocked by sys_clk_pin). Large setup violations at the end of those stages might be difficult to fix during the post-placement implementation flow and could be the result of non-optimal XDC constraints or non-optimal design architecture
Related violations: <none>

TIMING-16#38 Warning
Large setup violation  
There is a large setup violation of -1.247 ns between WRAPPER/CPU/MW_IR_reg/loop1[31].dff/q_reg_replica/C (clocked by sys_clk_pin) and WRAPPER/CPU/DX_B_reg/loop1[25].dff/q_reg/D (clocked by sys_clk_pin). Large setup violations at the end of those stages might be difficult to fix during the post-placement implementation flow and could be the result of non-optimal XDC constraints or non-optimal design architecture
Related violations: <none>

TIMING-16#39 Warning
Large setup violation  
There is a large setup violation of -1.251 ns between WRAPPER/CPU/MW_IR_reg/loop1[31].dff/q_reg_replica/C (clocked by sys_clk_pin) and WRAPPER/CPU/XM_O_reg/loop1[16].dff/q_reg/D (clocked by sys_clk_pin). Large setup violations at the end of those stages might be difficult to fix during the post-placement implementation flow and could be the result of non-optimal XDC constraints or non-optimal design architecture
Related violations: <none>

TIMING-16#40 Warning
Large setup violation  
There is a large setup violation of -1.259 ns between WRAPPER/CPU/MW_IR_reg/loop1[31].dff/q_reg_replica/C (clocked by sys_clk_pin) and WRAPPER/CPU/DX_B_reg/loop1[2].dff/q_reg/D (clocked by sys_clk_pin). Large setup violations at the end of those stages might be difficult to fix during the post-placement implementation flow and could be the result of non-optimal XDC constraints or non-optimal design architecture
Related violations: <none>

TIMING-16#41 Warning
Large setup violation  
There is a large setup violation of -1.285 ns between WRAPPER/CPU/MW_IR_reg/loop1[31].dff/q_reg_replica/C (clocked by sys_clk_pin) and WRAPPER/CPU/DX_B_reg/loop1[17].dff/q_reg/D (clocked by sys_clk_pin). Large setup violations at the end of those stages might be difficult to fix during the post-placement implementation flow and could be the result of non-optimal XDC constraints or non-optimal design architecture
Related violations: <none>

TIMING-16#42 Warning
Large setup violation  
There is a large setup violation of -1.286 ns between WRAPPER/CPU/MW_IR_reg/loop1[31].dff/q_reg_replica/C (clocked by sys_clk_pin) and WRAPPER/CPU/DX_B_reg/loop1[22].dff/q_reg/D (clocked by sys_clk_pin). Large setup violations at the end of those stages might be difficult to fix during the post-placement implementation flow and could be the result of non-optimal XDC constraints or non-optimal design architecture
Related violations: <none>

TIMING-16#43 Warning
Large setup violation  
There is a large setup violation of -1.296 ns between WRAPPER/CPU/MW_IR_reg/loop1[31].dff/q_reg_replica/C (clocked by sys_clk_pin) and WRAPPER/CPU/DX_B_reg/loop1[20].dff/q_reg/D (clocked by sys_clk_pin). Large setup violations at the end of those stages might be difficult to fix during the post-placement implementation flow and could be the result of non-optimal XDC constraints or non-optimal design architecture
Related violations: <none>

TIMING-16#44 Warning
Large setup violation  
There is a large setup violation of -1.299 ns between WRAPPER/CPU/MW_IR_reg/loop1[31].dff/q_reg_replica/C (clocked by sys_clk_pin) and WRAPPER/CPU/DX_A_reg/loop1[25].dff/q_reg/D (clocked by sys_clk_pin). Large setup violations at the end of those stages might be difficult to fix during the post-placement implementation flow and could be the result of non-optimal XDC constraints or non-optimal design architecture
Related violations: <none>

TIMING-16#45 Warning
Large setup violation  
There is a large setup violation of -1.305 ns between WRAPPER/CPU/MW_IR_reg/loop1[31].dff/q_reg_replica/C (clocked by sys_clk_pin) and WRAPPER/CPU/DX_B_reg/loop1[1].dff/q_reg/D (clocked by sys_clk_pin). Large setup violations at the end of those stages might be difficult to fix during the post-placement implementation flow and could be the result of non-optimal XDC constraints or non-optimal design architecture
Related violations: <none>

TIMING-16#46 Warning
Large setup violation  
There is a large setup violation of -1.309 ns between WRAPPER/CPU/MW_IR_reg/loop1[31].dff/q_reg_replica/C (clocked by sys_clk_pin) and WRAPPER/CPU/DX_A_reg/loop1[2].dff/q_reg/D (clocked by sys_clk_pin). Large setup violations at the end of those stages might be difficult to fix during the post-placement implementation flow and could be the result of non-optimal XDC constraints or non-optimal design architecture
Related violations: <none>

TIMING-16#47 Warning
Large setup violation  
There is a large setup violation of -1.310 ns between WRAPPER/CPU/MW_IR_reg/loop1[31].dff/q_reg_replica/C (clocked by sys_clk_pin) and WRAPPER/CPU/DX_B_reg/loop1[5].dff/q_reg/D (clocked by sys_clk_pin). Large setup violations at the end of those stages might be difficult to fix during the post-placement implementation flow and could be the result of non-optimal XDC constraints or non-optimal design architecture
Related violations: <none>

TIMING-16#48 Warning
Large setup violation  
There is a large setup violation of -1.319 ns between WRAPPER/CPU/MW_IR_reg/loop1[31].dff/q_reg_replica/C (clocked by sys_clk_pin) and WRAPPER/CPU/DX_B_reg/loop1[31].dff/q_reg/D (clocked by sys_clk_pin). Large setup violations at the end of those stages might be difficult to fix during the post-placement implementation flow and could be the result of non-optimal XDC constraints or non-optimal design architecture
Related violations: <none>

TIMING-16#49 Warning
Large setup violation  
There is a large setup violation of -1.322 ns between WRAPPER/CPU/MW_IR_reg/loop1[31].dff/q_reg_replica/C (clocked by sys_clk_pin) and WRAPPER/CPU/DX_B_reg/loop1[10].dff/q_reg/D (clocked by sys_clk_pin). Large setup violations at the end of those stages might be difficult to fix during the post-placement implementation flow and could be the result of non-optimal XDC constraints or non-optimal design architecture
Related violations: <none>

TIMING-16#50 Warning
Large setup violation  
There is a large setup violation of -1.322 ns between WRAPPER/CPU/MW_IR_reg/loop1[31].dff/q_reg_replica/C (clocked by sys_clk_pin) and WRAPPER/CPU/DX_B_reg/loop1[4].dff/q_reg/D (clocked by sys_clk_pin). Large setup violations at the end of those stages might be difficult to fix during the post-placement implementation flow and could be the result of non-optimal XDC constraints or non-optimal design architecture
Related violations: <none>

TIMING-16#51 Warning
Large setup violation  
There is a large setup violation of -1.330 ns between WRAPPER/CPU/MW_IR_reg/loop1[31].dff/q_reg_replica/C (clocked by sys_clk_pin) and WRAPPER/CPU/DX_A_reg/loop1[31].dff/q_reg/D (clocked by sys_clk_pin). Large setup violations at the end of those stages might be difficult to fix during the post-placement implementation flow and could be the result of non-optimal XDC constraints or non-optimal design architecture
Related violations: <none>

TIMING-16#52 Warning
Large setup violation  
There is a large setup violation of -1.332 ns between WRAPPER/CPU/MW_IR_reg/loop1[31].dff/q_reg_replica/C (clocked by sys_clk_pin) and WRAPPER/CPU/DX_A_reg/loop1[4].dff/q_reg/D (clocked by sys_clk_pin). Large setup violations at the end of those stages might be difficult to fix during the post-placement implementation flow and could be the result of non-optimal XDC constraints or non-optimal design architecture
Related violations: <none>

TIMING-16#53 Warning
Large setup violation  
There is a large setup violation of -1.335 ns between WRAPPER/CPU/MW_IR_reg/loop1[31].dff/q_reg_replica/C (clocked by sys_clk_pin) and WRAPPER/CPU/DX_PC_reg/loop1[12].dff/q_reg/D (clocked by sys_clk_pin). Large setup violations at the end of those stages might be difficult to fix during the post-placement implementation flow and could be the result of non-optimal XDC constraints or non-optimal design architecture
Related violations: <none>

TIMING-16#54 Warning
Large setup violation  
There is a large setup violation of -1.337 ns between WRAPPER/CPU/MW_IR_reg/loop1[31].dff/q_reg_replica/C (clocked by sys_clk_pin) and WRAPPER/CPU/DX_A_reg/loop1[17].dff/q_reg/D (clocked by sys_clk_pin). Large setup violations at the end of those stages might be difficult to fix during the post-placement implementation flow and could be the result of non-optimal XDC constraints or non-optimal design architecture
Related violations: <none>

TIMING-16#55 Warning
Large setup violation  
There is a large setup violation of -1.338 ns between WRAPPER/CPU/MW_IR_reg/loop1[31].dff/q_reg_replica/C (clocked by sys_clk_pin) and WRAPPER/CPU/DX_A_reg/loop1[22].dff/q_reg/D (clocked by sys_clk_pin). Large setup violations at the end of those stages might be difficult to fix during the post-placement implementation flow and could be the result of non-optimal XDC constraints or non-optimal design architecture
Related violations: <none>

TIMING-16#56 Warning
Large setup violation  
There is a large setup violation of -1.341 ns between WRAPPER/CPU/MW_IR_reg/loop1[31].dff/q_reg_replica/C (clocked by sys_clk_pin) and WRAPPER/CPU/DX_IR_reg/loop1[18].dff/q_reg/D (clocked by sys_clk_pin). Large setup violations at the end of those stages might be difficult to fix during the post-placement implementation flow and could be the result of non-optimal XDC constraints or non-optimal design architecture
Related violations: <none>

TIMING-16#57 Warning
Large setup violation  
There is a large setup violation of -1.344 ns between WRAPPER/CPU/MW_IR_reg/loop1[31].dff/q_reg_replica/C (clocked by sys_clk_pin) and WRAPPER/CPU/DX_PC_reg/loop1[8].dff/q_reg/D (clocked by sys_clk_pin). Large setup violations at the end of those stages might be difficult to fix during the post-placement implementation flow and could be the result of non-optimal XDC constraints or non-optimal design architecture
Related violations: <none>

TIMING-16#58 Warning
Large setup violation  
There is a large setup violation of -1.345 ns between WRAPPER/CPU/MW_IR_reg/loop1[31].dff/q_reg_replica/C (clocked by sys_clk_pin) and WRAPPER/CPU/DX_A_reg/loop1[20].dff/q_reg/D (clocked by sys_clk_pin). Large setup violations at the end of those stages might be difficult to fix during the post-placement implementation flow and could be the result of non-optimal XDC constraints or non-optimal design architecture
Related violations: <none>

TIMING-16#59 Warning
Large setup violation  
There is a large setup violation of -1.351 ns between WRAPPER/CPU/MW_IR_reg/loop1[31].dff/q_reg_replica/C (clocked by sys_clk_pin) and WRAPPER/CPU/DX_B_reg/loop1[12].dff/q_reg/D (clocked by sys_clk_pin). Large setup violations at the end of those stages might be difficult to fix during the post-placement implementation flow and could be the result of non-optimal XDC constraints or non-optimal design architecture
Related violations: <none>

TIMING-16#60 Warning
Large setup violation  
There is a large setup violation of -1.351 ns between WRAPPER/CPU/MW_IR_reg/loop1[31].dff/q_reg_replica/C (clocked by sys_clk_pin) and WRAPPER/CPU/DX_B_reg/loop1[14].dff/q_reg/D (clocked by sys_clk_pin). Large setup violations at the end of those stages might be difficult to fix during the post-placement implementation flow and could be the result of non-optimal XDC constraints or non-optimal design architecture
Related violations: <none>

TIMING-16#61 Warning
Large setup violation  
There is a large setup violation of -1.353 ns between WRAPPER/CPU/MW_IR_reg/loop1[31].dff/q_reg_replica/C (clocked by sys_clk_pin) and WRAPPER/CPU/DX_B_reg/loop1[6].dff/q_reg/D (clocked by sys_clk_pin). Large setup violations at the end of those stages might be difficult to fix during the post-placement implementation flow and could be the result of non-optimal XDC constraints or non-optimal design architecture
Related violations: <none>

TIMING-16#62 Warning
Large setup violation  
There is a large setup violation of -1.357 ns between WRAPPER/CPU/MW_IR_reg/loop1[31].dff/q_reg_replica/C (clocked by sys_clk_pin) and WRAPPER/CPU/DX_A_reg/loop1[1].dff/q_reg/D (clocked by sys_clk_pin). Large setup violations at the end of those stages might be difficult to fix during the post-placement implementation flow and could be the result of non-optimal XDC constraints or non-optimal design architecture
Related violations: <none>

TIMING-16#63 Warning
Large setup violation  
There is a large setup violation of -1.359 ns between WRAPPER/CPU/MW_IR_reg/loop1[31].dff/q_reg_replica/C (clocked by sys_clk_pin) and WRAPPER/CPU/DX_A_reg/loop1[5].dff/q_reg/D (clocked by sys_clk_pin). Large setup violations at the end of those stages might be difficult to fix during the post-placement implementation flow and could be the result of non-optimal XDC constraints or non-optimal design architecture
Related violations: <none>

TIMING-16#64 Warning
Large setup violation  
There is a large setup violation of -1.360 ns between WRAPPER/CPU/MW_IR_reg/loop1[31].dff/q_reg_replica/C (clocked by sys_clk_pin) and WRAPPER/CPU/DX_B_reg/loop1[0].dff/q_reg/D (clocked by sys_clk_pin). Large setup violations at the end of those stages might be difficult to fix during the post-placement implementation flow and could be the result of non-optimal XDC constraints or non-optimal design architecture
Related violations: <none>

TIMING-16#65 Warning
Large setup violation  
There is a large setup violation of -1.363 ns between WRAPPER/CPU/MW_IR_reg/loop1[31].dff/q_reg_replica/C (clocked by sys_clk_pin) and WRAPPER/CPU/DX_A_reg/loop1[6].dff/q_reg/D (clocked by sys_clk_pin). Large setup violations at the end of those stages might be difficult to fix during the post-placement implementation flow and could be the result of non-optimal XDC constraints or non-optimal design architecture
Related violations: <none>

TIMING-16#66 Warning
Large setup violation  
There is a large setup violation of -1.363 ns between WRAPPER/CPU/MW_IR_reg/loop1[31].dff/q_reg_replica/C (clocked by sys_clk_pin) and WRAPPER/CPU/DX_B_reg/loop1[18].dff/q_reg/D (clocked by sys_clk_pin). Large setup violations at the end of those stages might be difficult to fix during the post-placement implementation flow and could be the result of non-optimal XDC constraints or non-optimal design architecture
Related violations: <none>

TIMING-16#67 Warning
Large setup violation  
There is a large setup violation of -1.369 ns between WRAPPER/CPU/MW_IR_reg/loop1[31].dff/q_reg_replica/C (clocked by sys_clk_pin) and WRAPPER/CPU/DX_B_reg/loop1[9].dff/q_reg/D (clocked by sys_clk_pin). Large setup violations at the end of those stages might be difficult to fix during the post-placement implementation flow and could be the result of non-optimal XDC constraints or non-optimal design architecture
Related violations: <none>

TIMING-16#68 Warning
Large setup violation  
There is a large setup violation of -1.369 ns between WRAPPER/CPU/MW_IR_reg/loop1[31].dff/q_reg_replica/C (clocked by sys_clk_pin) and WRAPPER/CPU/XM_O_reg/loop1[25].dff/q_reg/D (clocked by sys_clk_pin). Large setup violations at the end of those stages might be difficult to fix during the post-placement implementation flow and could be the result of non-optimal XDC constraints or non-optimal design architecture
Related violations: <none>

TIMING-16#69 Warning
Large setup violation  
There is a large setup violation of -1.373 ns between WRAPPER/CPU/MW_IR_reg/loop1[31].dff/q_reg_replica/C (clocked by sys_clk_pin) and WRAPPER/CPU/DX_B_reg/loop1[15].dff/q_reg/D (clocked by sys_clk_pin). Large setup violations at the end of those stages might be difficult to fix during the post-placement implementation flow and could be the result of non-optimal XDC constraints or non-optimal design architecture
Related violations: <none>

TIMING-16#70 Warning
Large setup violation  
There is a large setup violation of -1.374 ns between WRAPPER/CPU/MW_IR_reg/loop1[31].dff/q_reg_replica/C (clocked by sys_clk_pin) and WRAPPER/CPU/DX_A_reg/loop1[10].dff/q_reg/D (clocked by sys_clk_pin). Large setup violations at the end of those stages might be difficult to fix during the post-placement implementation flow and could be the result of non-optimal XDC constraints or non-optimal design architecture
Related violations: <none>

TIMING-16#71 Warning
Large setup violation  
There is a large setup violation of -1.375 ns between WRAPPER/CPU/MW_IR_reg/loop1[31].dff/q_reg_replica/C (clocked by sys_clk_pin) and WRAPPER/CPU/DX_A_reg/loop1[0].dff/q_reg/D (clocked by sys_clk_pin). Large setup violations at the end of those stages might be difficult to fix during the post-placement implementation flow and could be the result of non-optimal XDC constraints or non-optimal design architecture
Related violations: <none>

TIMING-16#72 Warning
Large setup violation  
There is a large setup violation of -1.382 ns between WRAPPER/CPU/MW_IR_reg/loop1[31].dff/q_reg_replica/C (clocked by sys_clk_pin) and WRAPPER/CPU/DX_B_reg/loop1[11].dff/q_reg/D (clocked by sys_clk_pin). Large setup violations at the end of those stages might be difficult to fix during the post-placement implementation flow and could be the result of non-optimal XDC constraints or non-optimal design architecture
Related violations: <none>

TIMING-16#73 Warning
Large setup violation  
There is a large setup violation of -1.387 ns between WRAPPER/CPU/MW_IR_reg/loop1[31].dff/q_reg_replica/C (clocked by sys_clk_pin) and WRAPPER/CPU/DX_A_reg/loop1[9].dff/q_reg/D (clocked by sys_clk_pin). Large setup violations at the end of those stages might be difficult to fix during the post-placement implementation flow and could be the result of non-optimal XDC constraints or non-optimal design architecture
Related violations: <none>

TIMING-16#74 Warning
Large setup violation  
There is a large setup violation of -1.400 ns between WRAPPER/CPU/MW_IR_reg/loop1[31].dff/q_reg_replica/C (clocked by sys_clk_pin) and WRAPPER/CPU/DX_A_reg/loop1[14].dff/q_reg/D (clocked by sys_clk_pin). Large setup violations at the end of those stages might be difficult to fix during the post-placement implementation flow and could be the result of non-optimal XDC constraints or non-optimal design architecture
Related violations: <none>

TIMING-16#75 Warning
Large setup violation  
There is a large setup violation of -1.400 ns between WRAPPER/CPU/MW_IR_reg/loop1[31].dff/q_reg_replica/C (clocked by sys_clk_pin) and WRAPPER/CPU/DX_B_reg/loop1[26].dff/q_reg/D (clocked by sys_clk_pin). Large setup violations at the end of those stages might be difficult to fix during the post-placement implementation flow and could be the result of non-optimal XDC constraints or non-optimal design architecture
Related violations: <none>

TIMING-16#76 Warning
Large setup violation  
There is a large setup violation of -1.401 ns between WRAPPER/CPU/MW_IR_reg/loop1[31].dff/q_reg_replica/C (clocked by sys_clk_pin) and WRAPPER/CPU/DX_A_reg/loop1[12].dff/q_reg/D (clocked by sys_clk_pin). Large setup violations at the end of those stages might be difficult to fix during the post-placement implementation flow and could be the result of non-optimal XDC constraints or non-optimal design architecture
Related violations: <none>

TIMING-16#77 Warning
Large setup violation  
There is a large setup violation of -1.407 ns between WRAPPER/CPU/MW_IR_reg/loop1[31].dff/q_reg_replica/C (clocked by sys_clk_pin) and WRAPPER/CPU/DX_A_reg/loop1[18].dff/q_reg/D (clocked by sys_clk_pin). Large setup violations at the end of those stages might be difficult to fix during the post-placement implementation flow and could be the result of non-optimal XDC constraints or non-optimal design architecture
Related violations: <none>

TIMING-16#78 Warning
Large setup violation  
There is a large setup violation of -1.409 ns between WRAPPER/CPU/MW_IR_reg/loop1[31].dff/q_reg_replica/C (clocked by sys_clk_pin) and WRAPPER/CPU/DX_B_reg/loop1[21].dff/q_reg/D (clocked by sys_clk_pin). Large setup violations at the end of those stages might be difficult to fix during the post-placement implementation flow and could be the result of non-optimal XDC constraints or non-optimal design architecture
Related violations: <none>

TIMING-16#79 Warning
Large setup violation  
There is a large setup violation of -1.410 ns between WRAPPER/CPU/MW_IR_reg/loop1[31].dff/q_reg_replica/C (clocked by sys_clk_pin) and WRAPPER/CPU/DX_B_reg/loop1[23].dff/q_reg/D (clocked by sys_clk_pin). Large setup violations at the end of those stages might be difficult to fix during the post-placement implementation flow and could be the result of non-optimal XDC constraints or non-optimal design architecture
Related violations: <none>

TIMING-16#80 Warning
Large setup violation  
There is a large setup violation of -1.410 ns between WRAPPER/CPU/MW_IR_reg/loop1[31].dff/q_reg_replica/C (clocked by sys_clk_pin) and WRAPPER/CPU/FD_IR_reg/loop1[27].dff/q_reg/D (clocked by sys_clk_pin). Large setup violations at the end of those stages might be difficult to fix during the post-placement implementation flow and could be the result of non-optimal XDC constraints or non-optimal design architecture
Related violations: <none>

TIMING-16#81 Warning
Large setup violation  
There is a large setup violation of -1.425 ns between WRAPPER/CPU/MW_IR_reg/loop1[31].dff/q_reg_replica/C (clocked by sys_clk_pin) and WRAPPER/CPU/DX_A_reg/loop1[15].dff/q_reg/D (clocked by sys_clk_pin). Large setup violations at the end of those stages might be difficult to fix during the post-placement implementation flow and could be the result of non-optimal XDC constraints or non-optimal design architecture
Related violations: <none>

TIMING-16#82 Warning
Large setup violation  
There is a large setup violation of -1.427 ns between WRAPPER/CPU/MW_IR_reg/loop1[31].dff/q_reg_replica/C (clocked by sys_clk_pin) and WRAPPER/CPU/DX_A_reg/loop1[21].dff/q_reg/D (clocked by sys_clk_pin). Large setup violations at the end of those stages might be difficult to fix during the post-placement implementation flow and could be the result of non-optimal XDC constraints or non-optimal design architecture
Related violations: <none>

TIMING-16#83 Warning
Large setup violation  
There is a large setup violation of -1.429 ns between WRAPPER/CPU/MW_IR_reg/loop1[31].dff/q_reg_replica/C (clocked by sys_clk_pin) and WRAPPER/CPU/DX_B_reg/loop1[13].dff/q_reg/D (clocked by sys_clk_pin). Large setup violations at the end of those stages might be difficult to fix during the post-placement implementation flow and could be the result of non-optimal XDC constraints or non-optimal design architecture
Related violations: <none>

TIMING-16#84 Warning
Large setup violation  
There is a large setup violation of -1.431 ns between WRAPPER/CPU/MW_IR_reg/loop1[31].dff/q_reg_replica/C (clocked by sys_clk_pin) and WRAPPER/CPU/DX_A_reg/loop1[11].dff/q_reg/D (clocked by sys_clk_pin). Large setup violations at the end of those stages might be difficult to fix during the post-placement implementation flow and could be the result of non-optimal XDC constraints or non-optimal design architecture
Related violations: <none>

TIMING-16#85 Warning
Large setup violation  
There is a large setup violation of -1.444 ns between WRAPPER/CPU/MW_IR_reg/loop1[31].dff/q_reg_replica/C (clocked by sys_clk_pin) and WRAPPER/CPU/DX_A_reg/loop1[26].dff/q_reg/D (clocked by sys_clk_pin). Large setup violations at the end of those stages might be difficult to fix during the post-placement implementation flow and could be the result of non-optimal XDC constraints or non-optimal design architecture
Related violations: <none>

TIMING-16#86 Warning
Large setup violation  
There is a large setup violation of -1.449 ns between WRAPPER/CPU/MW_IR_reg/loop1[31].dff/q_reg_replica/C (clocked by sys_clk_pin) and WRAPPER/CPU/DX_B_reg/loop1[19].dff/q_reg/D (clocked by sys_clk_pin). Large setup violations at the end of those stages might be difficult to fix during the post-placement implementation flow and could be the result of non-optimal XDC constraints or non-optimal design architecture
Related violations: <none>

TIMING-16#87 Warning
Large setup violation  
There is a large setup violation of -1.453 ns between WRAPPER/CPU/MW_IR_reg/loop1[31].dff/q_reg_replica/C (clocked by sys_clk_pin) and WRAPPER/CPU/DX_B_reg/loop1[7].dff/q_reg/D (clocked by sys_clk_pin). Large setup violations at the end of those stages might be difficult to fix during the post-placement implementation flow and could be the result of non-optimal XDC constraints or non-optimal design architecture
Related violations: <none>

TIMING-16#88 Warning
Large setup violation  
There is a large setup violation of -1.457 ns between WRAPPER/CPU/MW_IR_reg/loop1[31].dff/q_reg_replica/C (clocked by sys_clk_pin) and WRAPPER/CPU/DX_B_reg/loop1[3].dff/q_reg/D (clocked by sys_clk_pin). Large setup violations at the end of those stages might be difficult to fix during the post-placement implementation flow and could be the result of non-optimal XDC constraints or non-optimal design architecture
Related violations: <none>

TIMING-16#89 Warning
Large setup violation  
There is a large setup violation of -1.462 ns between WRAPPER/CPU/MW_IR_reg/loop1[31].dff/q_reg_replica/C (clocked by sys_clk_pin) and WRAPPER/CPU/DX_A_reg/loop1[23].dff/q_reg/D (clocked by sys_clk_pin). Large setup violations at the end of those stages might be difficult to fix during the post-placement implementation flow and could be the result of non-optimal XDC constraints or non-optimal design architecture
Related violations: <none>

TIMING-16#90 Warning
Large setup violation  
There is a large setup violation of -1.481 ns between WRAPPER/CPU/MW_IR_reg/loop1[31].dff/q_reg_replica/C (clocked by sys_clk_pin) and WRAPPER/CPU/DX_A_reg/loop1[13].dff/q_reg/D (clocked by sys_clk_pin). Large setup violations at the end of those stages might be difficult to fix during the post-placement implementation flow and could be the result of non-optimal XDC constraints or non-optimal design architecture
Related violations: <none>

TIMING-16#91 Warning
Large setup violation  
There is a large setup violation of -1.486 ns between WRAPPER/CPU/MW_IR_reg/loop1[31].dff/q_reg_replica/C (clocked by sys_clk_pin) and WRAPPER/CPU/DX_B_reg/loop1[29].dff/q_reg/D (clocked by sys_clk_pin). Large setup violations at the end of those stages might be difficult to fix during the post-placement implementation flow and could be the result of non-optimal XDC constraints or non-optimal design architecture
Related violations: <none>

TIMING-16#92 Warning
Large setup violation  
There is a large setup violation of -1.487 ns between WRAPPER/CPU/MW_IR_reg/loop1[31].dff/q_reg_replica/C (clocked by sys_clk_pin) and WRAPPER/CPU/DX_B_reg/loop1[16].dff/q_reg/D (clocked by sys_clk_pin). Large setup violations at the end of those stages might be difficult to fix during the post-placement implementation flow and could be the result of non-optimal XDC constraints or non-optimal design architecture
Related violations: <none>

TIMING-16#93 Warning
Large setup violation  
There is a large setup violation of -1.497 ns between WRAPPER/CPU/MW_IR_reg/loop1[31].dff/q_reg_replica/C (clocked by sys_clk_pin) and WRAPPER/CPU/DX_A_reg/loop1[19].dff/q_reg/D (clocked by sys_clk_pin). Large setup violations at the end of those stages might be difficult to fix during the post-placement implementation flow and could be the result of non-optimal XDC constraints or non-optimal design architecture
Related violations: <none>

TIMING-16#94 Warning
Large setup violation  
There is a large setup violation of -1.497 ns between WRAPPER/CPU/MW_IR_reg/loop1[31].dff/q_reg_replica/C (clocked by sys_clk_pin) and WRAPPER/CPU/DX_A_reg/loop1[7].dff/q_reg/D (clocked by sys_clk_pin). Large setup violations at the end of those stages might be difficult to fix during the post-placement implementation flow and could be the result of non-optimal XDC constraints or non-optimal design architecture
Related violations: <none>

TIMING-16#95 Warning
Large setup violation  
There is a large setup violation of -1.498 ns between WRAPPER/CPU/MW_IR_reg/loop1[31].dff/q_reg_replica/C (clocked by sys_clk_pin) and WRAPPER/CPU/DX_A_reg/loop1[16].dff/q_reg/D (clocked by sys_clk_pin). Large setup violations at the end of those stages might be difficult to fix during the post-placement implementation flow and could be the result of non-optimal XDC constraints or non-optimal design architecture
Related violations: <none>

TIMING-16#96 Warning
Large setup violation  
There is a large setup violation of -1.501 ns between WRAPPER/CPU/MW_IR_reg/loop1[31].dff/q_reg_replica/C (clocked by sys_clk_pin) and WRAPPER/CPU/DX_A_reg/loop1[3].dff/q_reg/D (clocked by sys_clk_pin). Large setup violations at the end of those stages might be difficult to fix during the post-placement implementation flow and could be the result of non-optimal XDC constraints or non-optimal design architecture
Related violations: <none>

TIMING-16#97 Warning
Large setup violation  
There is a large setup violation of -1.506 ns between WRAPPER/CPU/MW_IR_reg/loop1[31].dff/q_reg_replica/C (clocked by sys_clk_pin) and WRAPPER/CPU/DX_A_reg/loop1[29].dff/q_reg/D (clocked by sys_clk_pin). Large setup violations at the end of those stages might be difficult to fix during the post-placement implementation flow and could be the result of non-optimal XDC constraints or non-optimal design architecture
Related violations: <none>

TIMING-16#98 Warning
Large setup violation  
There is a large setup violation of -1.590 ns between WRAPPER/CPU/MW_IR_reg/loop1[31].dff/q_reg_replica/C (clocked by sys_clk_pin) and WRAPPER/CPU/PC_reg/loop1[30].dff/q_reg/D (clocked by sys_clk_pin). Large setup violations at the end of those stages might be difficult to fix during the post-placement implementation flow and could be the result of non-optimal XDC constraints or non-optimal design architecture
Related violations: <none>

TIMING-16#99 Warning
Large setup violation  
There is a large setup violation of -1.593 ns between WRAPPER/CPU/MW_IR_reg/loop1[31].dff/q_reg_replica/C (clocked by sys_clk_pin) and WRAPPER/CPU/DX_B_reg/loop1[28].dff/q_reg/D (clocked by sys_clk_pin). Large setup violations at the end of those stages might be difficult to fix during the post-placement implementation flow and could be the result of non-optimal XDC constraints or non-optimal design architecture
Related violations: <none>

TIMING-16#100 Warning
Large setup violation  
There is a large setup violation of -1.609 ns between WRAPPER/CPU/MW_IR_reg/loop1[31].dff/q_reg_replica/C (clocked by sys_clk_pin) and WRAPPER/CPU/DX_A_reg/loop1[28].dff/q_reg/D (clocked by sys_clk_pin). Large setup violations at the end of those stages might be difficult to fix during the post-placement implementation flow and could be the result of non-optimal XDC constraints or non-optimal design architecture
Related violations: <none>

TIMING-16#101 Warning
Large setup violation  
There is a large setup violation of -1.640 ns between WRAPPER/CPU/MW_IR_reg/loop1[31].dff/q_reg_replica/C (clocked by sys_clk_pin) and WRAPPER/CPU/DX_B_reg/loop1[24].dff/q_reg/D (clocked by sys_clk_pin). Large setup violations at the end of those stages might be difficult to fix during the post-placement implementation flow and could be the result of non-optimal XDC constraints or non-optimal design architecture
Related violations: <none>

TIMING-16#102 Warning
Large setup violation  
There is a large setup violation of -1.648 ns between WRAPPER/CPU/MW_IR_reg/loop1[31].dff/q_reg_replica/C (clocked by sys_clk_pin) and WRAPPER/CPU/DX_B_reg/loop1[27].dff/q_reg/D (clocked by sys_clk_pin). Large setup violations at the end of those stages might be difficult to fix during the post-placement implementation flow and could be the result of non-optimal XDC constraints or non-optimal design architecture
Related violations: <none>

TIMING-16#103 Warning
Large setup violation  
There is a large setup violation of -1.689 ns between WRAPPER/CPU/MW_IR_reg/loop1[31].dff/q_reg_replica/C (clocked by sys_clk_pin) and WRAPPER/CPU/DX_A_reg/loop1[24].dff/q_reg/D (clocked by sys_clk_pin). Large setup violations at the end of those stages might be difficult to fix during the post-placement implementation flow and could be the result of non-optimal XDC constraints or non-optimal design architecture
Related violations: <none>

TIMING-16#104 Warning
Large setup violation  
There is a large setup violation of -1.698 ns between WRAPPER/CPU/MW_IR_reg/loop1[31].dff/q_reg_replica/C (clocked by sys_clk_pin) and WRAPPER/CPU/DX_A_reg/loop1[27].dff/q_reg/D (clocked by sys_clk_pin). Large setup violations at the end of those stages might be difficult to fix during the post-placement implementation flow and could be the result of non-optimal XDC constraints or non-optimal design architecture
Related violations: <none>

TIMING-16#105 Warning
Large setup violation  
There is a large setup violation of -1.709 ns between WRAPPER/CPU/MW_IR_reg/loop1[31].dff/q_reg_replica/C (clocked by sys_clk_pin) and WRAPPER/CPU/PC_reg/loop1[31].dff/q_reg/D (clocked by sys_clk_pin). Large setup violations at the end of those stages might be difficult to fix during the post-placement implementation flow and could be the result of non-optimal XDC constraints or non-optimal design architecture
Related violations: <none>

TIMING-16#106 Warning
Large setup violation  
There is a large setup violation of -1.733 ns between WRAPPER/CPU/MW_IR_reg/loop1[31].dff/q_reg_replica/C (clocked by sys_clk_pin) and WRAPPER/CPU/PC_reg/loop1[24].dff/q_reg/D (clocked by sys_clk_pin). Large setup violations at the end of those stages might be difficult to fix during the post-placement implementation flow and could be the result of non-optimal XDC constraints or non-optimal design architecture
Related violations: <none>

TIMING-16#107 Warning
Large setup violation  
There is a large setup violation of -1.752 ns between WRAPPER/CPU/MW_IR_reg/loop1[31].dff/q_reg_replica/C (clocked by sys_clk_pin) and WRAPPER/CPU/FD_PC_reg/loop1[2].dff/q_reg/D (clocked by sys_clk_pin). Large setup violations at the end of those stages might be difficult to fix during the post-placement implementation flow and could be the result of non-optimal XDC constraints or non-optimal design architecture
Related violations: <none>

TIMING-16#108 Warning
Large setup violation  
There is a large setup violation of -1.762 ns between WRAPPER/CPU/MW_IR_reg/loop1[31].dff/q_reg_replica/C (clocked by sys_clk_pin) and WRAPPER/CPU/DX_IR_reg/loop1[28].dff/q_reg/D (clocked by sys_clk_pin). Large setup violations at the end of those stages might be difficult to fix during the post-placement implementation flow and could be the result of non-optimal XDC constraints or non-optimal design architecture
Related violations: <none>

TIMING-16#109 Warning
Large setup violation  
There is a large setup violation of -1.800 ns between WRAPPER/CPU/MW_IR_reg/loop1[31].dff/q_reg_replica/C (clocked by sys_clk_pin) and WRAPPER/CPU/FD_PC_reg/loop1[1].dff/q_reg/D (clocked by sys_clk_pin). Large setup violations at the end of those stages might be difficult to fix during the post-placement implementation flow and could be the result of non-optimal XDC constraints or non-optimal design architecture
Related violations: <none>

TIMING-16#110 Warning
Large setup violation  
There is a large setup violation of -1.818 ns between WRAPPER/CPU/MW_IR_reg/loop1[31].dff/q_reg_replica/C (clocked by sys_clk_pin) and WRAPPER/CPU/PC_reg/loop1[27].dff/q_reg/D (clocked by sys_clk_pin). Large setup violations at the end of those stages might be difficult to fix during the post-placement implementation flow and could be the result of non-optimal XDC constraints or non-optimal design architecture
Related violations: <none>

TIMING-16#111 Warning
Large setup violation  
There is a large setup violation of -1.830 ns between WRAPPER/CPU/MW_IR_reg/loop1[31].dff/q_reg_replica/C (clocked by sys_clk_pin) and WRAPPER/CPU/FD_PC_reg/loop1[12].dff/q_reg/D (clocked by sys_clk_pin). Large setup violations at the end of those stages might be difficult to fix during the post-placement implementation flow and could be the result of non-optimal XDC constraints or non-optimal design architecture
Related violations: <none>

TIMING-16#112 Warning
Large setup violation  
There is a large setup violation of -1.846 ns between WRAPPER/CPU/MW_IR_reg/loop1[31].dff/q_reg_replica/C (clocked by sys_clk_pin) and WRAPPER/CPU/DX_IR_reg/loop1[20].dff/q_reg/D (clocked by sys_clk_pin). Large setup violations at the end of those stages might be difficult to fix during the post-placement implementation flow and could be the result of non-optimal XDC constraints or non-optimal design architecture
Related violations: <none>

TIMING-16#113 Warning
Large setup violation  
There is a large setup violation of -1.851 ns between WRAPPER/CPU/MW_IR_reg/loop1[31].dff/q_reg_replica/C (clocked by sys_clk_pin) and WRAPPER/CPU/FD_IR_reg/loop1[20].dff/q_reg/D (clocked by sys_clk_pin). Large setup violations at the end of those stages might be difficult to fix during the post-placement implementation flow and could be the result of non-optimal XDC constraints or non-optimal design architecture
Related violations: <none>

TIMING-16#114 Warning
Large setup violation  
There is a large setup violation of -1.852 ns between WRAPPER/CPU/MW_IR_reg/loop1[31].dff/q_reg_replica/C (clocked by sys_clk_pin) and WRAPPER/CPU/FD_PC_reg/loop1[20].dff/q_reg/D (clocked by sys_clk_pin). Large setup violations at the end of those stages might be difficult to fix during the post-placement implementation flow and could be the result of non-optimal XDC constraints or non-optimal design architecture
Related violations: <none>

TIMING-16#115 Warning
Large setup violation  
There is a large setup violation of -1.858 ns between WRAPPER/CPU/MW_IR_reg/loop1[31].dff/q_reg_replica/C (clocked by sys_clk_pin) and WRAPPER/CPU/FD_PC_reg/loop1[29].dff/q_reg/D (clocked by sys_clk_pin). Large setup violations at the end of those stages might be difficult to fix during the post-placement implementation flow and could be the result of non-optimal XDC constraints or non-optimal design architecture
Related violations: <none>

TIMING-16#116 Warning
Large setup violation  
There is a large setup violation of -1.862 ns between WRAPPER/CPU/MW_IR_reg/loop1[31].dff/q_reg_replica/C (clocked by sys_clk_pin) and WRAPPER/CPU/FD_PC_reg/loop1[10].dff/q_reg/D (clocked by sys_clk_pin). Large setup violations at the end of those stages might be difficult to fix during the post-placement implementation flow and could be the result of non-optimal XDC constraints or non-optimal design architecture
Related violations: <none>

TIMING-16#117 Warning
Large setup violation  
There is a large setup violation of -1.885 ns between WRAPPER/CPU/MW_IR_reg/loop1[31].dff/q_reg_replica/C (clocked by sys_clk_pin) and WRAPPER/CPU/FD_PC_reg/loop1[28].dff/q_reg/D (clocked by sys_clk_pin). Large setup violations at the end of those stages might be difficult to fix during the post-placement implementation flow and could be the result of non-optimal XDC constraints or non-optimal design architecture
Related violations: <none>

TIMING-16#118 Warning
Large setup violation  
There is a large setup violation of -1.891 ns between WRAPPER/CPU/MW_IR_reg/loop1[31].dff/q_reg_replica/C (clocked by sys_clk_pin) and WRAPPER/CPU/PC_reg/loop1[0].dff/q_reg/D (clocked by sys_clk_pin). Large setup violations at the end of those stages might be difficult to fix during the post-placement implementation flow and could be the result of non-optimal XDC constraints or non-optimal design architecture
Related violations: <none>

TIMING-16#119 Warning
Large setup violation  
There is a large setup violation of -1.892 ns between WRAPPER/CPU/MW_IR_reg/loop1[31].dff/q_reg_replica/C (clocked by sys_clk_pin) and WRAPPER/CPU/FD_PC_reg/loop1[19].dff/q_reg/D (clocked by sys_clk_pin). Large setup violations at the end of those stages might be difficult to fix during the post-placement implementation flow and could be the result of non-optimal XDC constraints or non-optimal design architecture
Related violations: <none>

TIMING-16#120 Warning
Large setup violation  
There is a large setup violation of -1.896 ns between WRAPPER/CPU/MW_IR_reg/loop1[31].dff/q_reg_replica/C (clocked by sys_clk_pin) and WRAPPER/CPU/FD_PC_reg/loop1[18].dff/q_reg/D (clocked by sys_clk_pin). Large setup violations at the end of those stages might be difficult to fix during the post-placement implementation flow and could be the result of non-optimal XDC constraints or non-optimal design architecture
Related violations: <none>

TIMING-16#121 Warning
Large setup violation  
There is a large setup violation of -1.897 ns between WRAPPER/CPU/MW_IR_reg/loop1[31].dff/q_reg_replica/C (clocked by sys_clk_pin) and WRAPPER/CPU/FD_PC_reg/loop1[3].dff/q_reg/D (clocked by sys_clk_pin). Large setup violations at the end of those stages might be difficult to fix during the post-placement implementation flow and could be the result of non-optimal XDC constraints or non-optimal design architecture
Related violations: <none>

TIMING-16#122 Warning
Large setup violation  
There is a large setup violation of -1.899 ns between WRAPPER/CPU/MW_IR_reg/loop1[31].dff/q_reg_replica/C (clocked by sys_clk_pin) and WRAPPER/CPU/FD_PC_reg/loop1[26].dff/q_reg/D (clocked by sys_clk_pin). Large setup violations at the end of those stages might be difficult to fix during the post-placement implementation flow and could be the result of non-optimal XDC constraints or non-optimal design architecture
Related violations: <none>

TIMING-16#123 Warning
Large setup violation  
There is a large setup violation of -1.901 ns between WRAPPER/CPU/MW_IR_reg/loop1[31].dff/q_reg_replica/C (clocked by sys_clk_pin) and WRAPPER/CPU/FD_PC_reg/loop1[27].dff/q_reg/D (clocked by sys_clk_pin). Large setup violations at the end of those stages might be difficult to fix during the post-placement implementation flow and could be the result of non-optimal XDC constraints or non-optimal design architecture
Related violations: <none>

TIMING-16#124 Warning
Large setup violation  
There is a large setup violation of -1.904 ns between WRAPPER/CPU/MW_IR_reg/loop1[31].dff/q_reg_replica/C (clocked by sys_clk_pin) and WRAPPER/CPU/FD_PC_reg/loop1[22].dff/q_reg/D (clocked by sys_clk_pin). Large setup violations at the end of those stages might be difficult to fix during the post-placement implementation flow and could be the result of non-optimal XDC constraints or non-optimal design architecture
Related violations: <none>

TIMING-16#125 Warning
Large setup violation  
There is a large setup violation of -1.916 ns between WRAPPER/CPU/MW_IR_reg/loop1[31].dff/q_reg_replica/C (clocked by sys_clk_pin) and WRAPPER/CPU/PC_reg/loop1[14].dff/q_reg/D (clocked by sys_clk_pin). Large setup violations at the end of those stages might be difficult to fix during the post-placement implementation flow and could be the result of non-optimal XDC constraints or non-optimal design architecture
Related violations: <none>

TIMING-16#126 Warning
Large setup violation  
There is a large setup violation of -1.919 ns between WRAPPER/CPU/MW_IR_reg/loop1[31].dff/q_reg_replica/C (clocked by sys_clk_pin) and WRAPPER/CPU/FD_IR_reg/loop1[0].dff/q_reg/D (clocked by sys_clk_pin). Large setup violations at the end of those stages might be difficult to fix during the post-placement implementation flow and could be the result of non-optimal XDC constraints or non-optimal design architecture
Related violations: <none>

TIMING-16#127 Warning
Large setup violation  
There is a large setup violation of -1.924 ns between WRAPPER/CPU/MW_IR_reg/loop1[31].dff/q_reg_replica/C (clocked by sys_clk_pin) and WRAPPER/CPU/FD_PC_reg/loop1[15].dff/q_reg/D (clocked by sys_clk_pin). Large setup violations at the end of those stages might be difficult to fix during the post-placement implementation flow and could be the result of non-optimal XDC constraints or non-optimal design architecture
Related violations: <none>

TIMING-16#128 Warning
Large setup violation  
There is a large setup violation of -1.925 ns between WRAPPER/CPU/MW_IR_reg/loop1[31].dff/q_reg_replica/C (clocked by sys_clk_pin) and WRAPPER/CPU/FD_PC_reg/loop1[7].dff/q_reg/D (clocked by sys_clk_pin). Large setup violations at the end of those stages might be difficult to fix during the post-placement implementation flow and could be the result of non-optimal XDC constraints or non-optimal design architecture
Related violations: <none>

TIMING-16#129 Warning
Large setup violation  
There is a large setup violation of -1.926 ns between WRAPPER/CPU/MW_IR_reg/loop1[31].dff/q_reg_replica/C (clocked by sys_clk_pin) and WRAPPER/CPU/PC_reg/loop1[3].dff/q_reg/D (clocked by sys_clk_pin). Large setup violations at the end of those stages might be difficult to fix during the post-placement implementation flow and could be the result of non-optimal XDC constraints or non-optimal design architecture
Related violations: <none>

TIMING-16#130 Warning
Large setup violation  
There is a large setup violation of -1.932 ns between WRAPPER/CPU/MW_IR_reg/loop1[31].dff/q_reg_replica/C (clocked by sys_clk_pin) and WRAPPER/CPU/FD_PC_reg/loop1[31].dff/q_reg/D (clocked by sys_clk_pin). Large setup violations at the end of those stages might be difficult to fix during the post-placement implementation flow and could be the result of non-optimal XDC constraints or non-optimal design architecture
Related violations: <none>

TIMING-16#131 Warning
Large setup violation  
There is a large setup violation of -1.935 ns between WRAPPER/CPU/MW_IR_reg/loop1[31].dff/q_reg_replica/C (clocked by sys_clk_pin) and WRAPPER/CPU/PC_reg/loop1[5].dff/q_reg/D (clocked by sys_clk_pin). Large setup violations at the end of those stages might be difficult to fix during the post-placement implementation flow and could be the result of non-optimal XDC constraints or non-optimal design architecture
Related violations: <none>

TIMING-16#132 Warning
Large setup violation  
There is a large setup violation of -1.944 ns between WRAPPER/CPU/MW_IR_reg/loop1[31].dff/q_reg_replica/C (clocked by sys_clk_pin) and WRAPPER/CPU/FD_PC_reg/loop1[16].dff/q_reg/D (clocked by sys_clk_pin). Large setup violations at the end of those stages might be difficult to fix during the post-placement implementation flow and could be the result of non-optimal XDC constraints or non-optimal design architecture
Related violations: <none>

TIMING-16#133 Warning
Large setup violation  
There is a large setup violation of -1.945 ns between WRAPPER/CPU/MW_IR_reg/loop1[31].dff/q_reg_replica/C (clocked by sys_clk_pin) and WRAPPER/CPU/FD_PC_reg/loop1[9].dff/q_reg/D (clocked by sys_clk_pin). Large setup violations at the end of those stages might be difficult to fix during the post-placement implementation flow and could be the result of non-optimal XDC constraints or non-optimal design architecture
Related violations: <none>

TIMING-16#134 Warning
Large setup violation  
There is a large setup violation of -1.947 ns between WRAPPER/CPU/MW_IR_reg/loop1[31].dff/q_reg_replica/C (clocked by sys_clk_pin) and WRAPPER/CPU/FD_PC_reg/loop1[24].dff/q_reg/D (clocked by sys_clk_pin). Large setup violations at the end of those stages might be difficult to fix during the post-placement implementation flow and could be the result of non-optimal XDC constraints or non-optimal design architecture
Related violations: <none>

TIMING-16#135 Warning
Large setup violation  
There is a large setup violation of -1.953 ns between WRAPPER/CPU/MW_IR_reg/loop1[31].dff/q_reg_replica/C (clocked by sys_clk_pin) and WRAPPER/CPU/FD_PC_reg/loop1[17].dff/q_reg/D (clocked by sys_clk_pin). Large setup violations at the end of those stages might be difficult to fix during the post-placement implementation flow and could be the result of non-optimal XDC constraints or non-optimal design architecture
Related violations: <none>

TIMING-16#136 Warning
Large setup violation  
There is a large setup violation of -1.953 ns between WRAPPER/CPU/MW_IR_reg/loop1[31].dff/q_reg_replica/C (clocked by sys_clk_pin) and WRAPPER/CPU/FD_PC_reg/loop1[25].dff/q_reg/D (clocked by sys_clk_pin). Large setup violations at the end of those stages might be difficult to fix during the post-placement implementation flow and could be the result of non-optimal XDC constraints or non-optimal design architecture
Related violations: <none>

TIMING-16#137 Warning
Large setup violation  
There is a large setup violation of -1.961 ns between WRAPPER/CPU/MW_IR_reg/loop1[31].dff/q_reg_replica/C (clocked by sys_clk_pin) and WRAPPER/CPU/DX_IR_reg/loop1[27].dff/q_reg/D (clocked by sys_clk_pin). Large setup violations at the end of those stages might be difficult to fix during the post-placement implementation flow and could be the result of non-optimal XDC constraints or non-optimal design architecture
Related violations: <none>

TIMING-16#138 Warning
Large setup violation  
There is a large setup violation of -1.963 ns between WRAPPER/CPU/MW_IR_reg/loop1[31].dff/q_reg_replica/C (clocked by sys_clk_pin) and WRAPPER/CPU/FD_IR_reg/loop1[9].dff/q_reg/D (clocked by sys_clk_pin). Large setup violations at the end of those stages might be difficult to fix during the post-placement implementation flow and could be the result of non-optimal XDC constraints or non-optimal design architecture
Related violations: <none>

TIMING-16#139 Warning
Large setup violation  
There is a large setup violation of -1.974 ns between WRAPPER/CPU/MW_IR_reg/loop1[31].dff/q_reg_replica/C (clocked by sys_clk_pin) and WRAPPER/CPU/FD_PC_reg/loop1[14].dff/q_reg/D (clocked by sys_clk_pin). Large setup violations at the end of those stages might be difficult to fix during the post-placement implementation flow and could be the result of non-optimal XDC constraints or non-optimal design architecture
Related violations: <none>

TIMING-16#140 Warning
Large setup violation  
There is a large setup violation of -1.975 ns between WRAPPER/CPU/MW_IR_reg/loop1[31].dff/q_reg_replica/C (clocked by sys_clk_pin) and WRAPPER/CPU/FD_PC_reg/loop1[6].dff/q_reg/D (clocked by sys_clk_pin). Large setup violations at the end of those stages might be difficult to fix during the post-placement implementation flow and could be the result of non-optimal XDC constraints or non-optimal design architecture
Related violations: <none>

TIMING-16#141 Warning
Large setup violation  
There is a large setup violation of -1.980 ns between WRAPPER/CPU/MW_IR_reg/loop1[31].dff/q_reg_replica/C (clocked by sys_clk_pin) and WRAPPER/CPU/FD_PC_reg/loop1[30].dff/q_reg/D (clocked by sys_clk_pin). Large setup violations at the end of those stages might be difficult to fix during the post-placement implementation flow and could be the result of non-optimal XDC constraints or non-optimal design architecture
Related violations: <none>

TIMING-16#142 Warning
Large setup violation  
There is a large setup violation of -1.985 ns between WRAPPER/CPU/MW_IR_reg/loop1[31].dff/q_reg_replica/C (clocked by sys_clk_pin) and WRAPPER/CPU/PC_reg/loop1[6].dff/q_reg/D (clocked by sys_clk_pin). Large setup violations at the end of those stages might be difficult to fix during the post-placement implementation flow and could be the result of non-optimal XDC constraints or non-optimal design architecture
Related violations: <none>

TIMING-16#143 Warning
Large setup violation  
There is a large setup violation of -1.988 ns between WRAPPER/CPU/MW_IR_reg/loop1[31].dff/q_reg_replica/C (clocked by sys_clk_pin) and WRAPPER/CPU/PC_reg/loop1[26].dff/q_reg/D (clocked by sys_clk_pin). Large setup violations at the end of those stages might be difficult to fix during the post-placement implementation flow and could be the result of non-optimal XDC constraints or non-optimal design architecture
Related violations: <none>

TIMING-16#144 Warning
Large setup violation  
There is a large setup violation of -1.990 ns between WRAPPER/CPU/MW_IR_reg/loop1[31].dff/q_reg_replica/C (clocked by sys_clk_pin) and WRAPPER/CPU/FD_IR_reg/loop1[25].dff/q_reg/D (clocked by sys_clk_pin). Large setup violations at the end of those stages might be difficult to fix during the post-placement implementation flow and could be the result of non-optimal XDC constraints or non-optimal design architecture
Related violations: <none>

TIMING-16#145 Warning
Large setup violation  
There is a large setup violation of -2.007 ns between WRAPPER/CPU/MW_IR_reg/loop1[31].dff/q_reg_replica/C (clocked by sys_clk_pin) and WRAPPER/CPU/FD_IR_reg/loop1[29].dff/q_reg/D (clocked by sys_clk_pin). Large setup violations at the end of those stages might be difficult to fix during the post-placement implementation flow and could be the result of non-optimal XDC constraints or non-optimal design architecture
Related violations: <none>

TIMING-16#146 Warning
Large setup violation  
There is a large setup violation of -2.013 ns between WRAPPER/CPU/MW_IR_reg/loop1[31].dff/q_reg_replica/C (clocked by sys_clk_pin) and WRAPPER/CPU/PC_reg/loop1[10].dff/q_reg/D (clocked by sys_clk_pin). Large setup violations at the end of those stages might be difficult to fix during the post-placement implementation flow and could be the result of non-optimal XDC constraints or non-optimal design architecture
Related violations: <none>

TIMING-16#147 Warning
Large setup violation  
There is a large setup violation of -2.014 ns between WRAPPER/CPU/MW_IR_reg/loop1[31].dff/q_reg_replica/C (clocked by sys_clk_pin) and WRAPPER/CPU/FD_IR_reg/loop1[28].dff/q_reg/D (clocked by sys_clk_pin). Large setup violations at the end of those stages might be difficult to fix during the post-placement implementation flow and could be the result of non-optimal XDC constraints or non-optimal design architecture
Related violations: <none>

TIMING-16#148 Warning
Large setup violation  
There is a large setup violation of -2.017 ns between WRAPPER/CPU/MW_IR_reg/loop1[31].dff/q_reg_replica/C (clocked by sys_clk_pin) and WRAPPER/CPU/FD_IR_reg/loop1[22].dff/q_reg/D (clocked by sys_clk_pin). Large setup violations at the end of those stages might be difficult to fix during the post-placement implementation flow and could be the result of non-optimal XDC constraints or non-optimal design architecture
Related violations: <none>

TIMING-16#149 Warning
Large setup violation  
There is a large setup violation of -2.020 ns between WRAPPER/CPU/MW_IR_reg/loop1[31].dff/q_reg_replica/C (clocked by sys_clk_pin) and WRAPPER/CPU/PC_reg/loop1[15].dff/q_reg/D (clocked by sys_clk_pin). Large setup violations at the end of those stages might be difficult to fix during the post-placement implementation flow and could be the result of non-optimal XDC constraints or non-optimal design architecture
Related violations: <none>

TIMING-16#150 Warning
Large setup violation  
There is a large setup violation of -2.042 ns between WRAPPER/CPU/MW_IR_reg/loop1[31].dff/q_reg_replica/C (clocked by sys_clk_pin) and WRAPPER/CPU/PC_reg/loop1[8].dff/q_reg/D (clocked by sys_clk_pin). Large setup violations at the end of those stages might be difficult to fix during the post-placement implementation flow and could be the result of non-optimal XDC constraints or non-optimal design architecture
Related violations: <none>

TIMING-16#151 Warning
Large setup violation  
There is a large setup violation of -2.043 ns between WRAPPER/CPU/MW_IR_reg/loop1[31].dff/q_reg_replica/C (clocked by sys_clk_pin) and WRAPPER/CPU/PC_reg/loop1[2].dff/q_reg/D (clocked by sys_clk_pin). Large setup violations at the end of those stages might be difficult to fix during the post-placement implementation flow and could be the result of non-optimal XDC constraints or non-optimal design architecture
Related violations: <none>

TIMING-16#152 Warning
Large setup violation  
There is a large setup violation of -2.044 ns between WRAPPER/CPU/MW_IR_reg/loop1[31].dff/q_reg_replica/C (clocked by sys_clk_pin) and WRAPPER/CPU/PC_reg/loop1[28].dff/q_reg/D (clocked by sys_clk_pin). Large setup violations at the end of those stages might be difficult to fix during the post-placement implementation flow and could be the result of non-optimal XDC constraints or non-optimal design architecture
Related violations: <none>

TIMING-16#153 Warning
Large setup violation  
There is a large setup violation of -2.045 ns between WRAPPER/CPU/MW_IR_reg/loop1[31].dff/q_reg_replica/C (clocked by sys_clk_pin) and WRAPPER/CPU/PC_reg/loop1[4].dff/q_reg/D (clocked by sys_clk_pin). Large setup violations at the end of those stages might be difficult to fix during the post-placement implementation flow and could be the result of non-optimal XDC constraints or non-optimal design architecture
Related violations: <none>

TIMING-16#154 Warning
Large setup violation  
There is a large setup violation of -2.052 ns between WRAPPER/CPU/MW_IR_reg/loop1[31].dff/q_reg_replica/C (clocked by sys_clk_pin) and WRAPPER/CPU/PC_reg/loop1[19].dff/q_reg/D (clocked by sys_clk_pin). Large setup violations at the end of those stages might be difficult to fix during the post-placement implementation flow and could be the result of non-optimal XDC constraints or non-optimal design architecture
Related violations: <none>

TIMING-16#155 Warning
Large setup violation  
There is a large setup violation of -2.053 ns between WRAPPER/CPU/MW_IR_reg/loop1[31].dff/q_reg_replica/C (clocked by sys_clk_pin) and WRAPPER/CPU/FD_PC_reg/loop1[13].dff/q_reg/D (clocked by sys_clk_pin). Large setup violations at the end of those stages might be difficult to fix during the post-placement implementation flow and could be the result of non-optimal XDC constraints or non-optimal design architecture
Related violations: <none>

TIMING-16#156 Warning
Large setup violation  
There is a large setup violation of -2.054 ns between WRAPPER/CPU/MW_IR_reg/loop1[31].dff/q_reg_replica/C (clocked by sys_clk_pin) and WRAPPER/CPU/FD_PC_reg/loop1[23].dff/q_reg/D (clocked by sys_clk_pin). Large setup violations at the end of those stages might be difficult to fix during the post-placement implementation flow and could be the result of non-optimal XDC constraints or non-optimal design architecture
Related violations: <none>

TIMING-16#157 Warning
Large setup violation  
There is a large setup violation of -2.056 ns between WRAPPER/CPU/MW_IR_reg/loop1[31].dff/q_reg_replica/C (clocked by sys_clk_pin) and WRAPPER/CPU/PC_reg/loop1[20].dff/q_reg/D (clocked by sys_clk_pin). Large setup violations at the end of those stages might be difficult to fix during the post-placement implementation flow and could be the result of non-optimal XDC constraints or non-optimal design architecture
Related violations: <none>

TIMING-16#158 Warning
Large setup violation  
There is a large setup violation of -2.064 ns between WRAPPER/CPU/MW_IR_reg/loop1[31].dff/q_reg_replica/C (clocked by sys_clk_pin) and WRAPPER/CPU/PC_reg/loop1[25].dff/q_reg/D (clocked by sys_clk_pin). Large setup violations at the end of those stages might be difficult to fix during the post-placement implementation flow and could be the result of non-optimal XDC constraints or non-optimal design architecture
Related violations: <none>

TIMING-16#159 Warning
Large setup violation  
There is a large setup violation of -2.070 ns between WRAPPER/CPU/MW_IR_reg/loop1[31].dff/q_reg_replica/C (clocked by sys_clk_pin) and WRAPPER/CPU/PC_reg/loop1[1].dff/q_reg/D (clocked by sys_clk_pin). Large setup violations at the end of those stages might be difficult to fix during the post-placement implementation flow and could be the result of non-optimal XDC constraints or non-optimal design architecture
Related violations: <none>

TIMING-16#160 Warning
Large setup violation  
There is a large setup violation of -2.077 ns between WRAPPER/CPU/MW_IR_reg/loop1[31].dff/q_reg_replica/C (clocked by sys_clk_pin) and WRAPPER/CPU/FD_PC_reg/loop1[8].dff/q_reg/D (clocked by sys_clk_pin). Large setup violations at the end of those stages might be difficult to fix during the post-placement implementation flow and could be the result of non-optimal XDC constraints or non-optimal design architecture
Related violations: <none>

TIMING-16#161 Warning
Large setup violation  
There is a large setup violation of -2.084 ns between WRAPPER/CPU/MW_IR_reg/loop1[31].dff/q_reg_replica/C (clocked by sys_clk_pin) and WRAPPER/CPU/PC_reg/loop1[22].dff/q_reg/D (clocked by sys_clk_pin). Large setup violations at the end of those stages might be difficult to fix during the post-placement implementation flow and could be the result of non-optimal XDC constraints or non-optimal design architecture
Related violations: <none>

TIMING-16#162 Warning
Large setup violation  
There is a large setup violation of -2.087 ns between WRAPPER/CPU/MW_IR_reg/loop1[31].dff/q_reg_replica/C (clocked by sys_clk_pin) and WRAPPER/CPU/FD_IR_reg/loop1[18].dff/q_reg/D (clocked by sys_clk_pin). Large setup violations at the end of those stages might be difficult to fix during the post-placement implementation flow and could be the result of non-optimal XDC constraints or non-optimal design architecture
Related violations: <none>

TIMING-16#163 Warning
Large setup violation  
There is a large setup violation of -2.092 ns between WRAPPER/CPU/MW_IR_reg/loop1[31].dff/q_reg_replica/C (clocked by sys_clk_pin) and WRAPPER/CPU/FD_PC_reg/loop1[4].dff/q_reg/D (clocked by sys_clk_pin). Large setup violations at the end of those stages might be difficult to fix during the post-placement implementation flow and could be the result of non-optimal XDC constraints or non-optimal design architecture
Related violations: <none>

TIMING-16#164 Warning
Large setup violation  
There is a large setup violation of -2.093 ns between WRAPPER/CPU/MW_IR_reg/loop1[31].dff/q_reg_replica/C (clocked by sys_clk_pin) and WRAPPER/CPU/FD_PC_reg/loop1[21].dff/q_reg/D (clocked by sys_clk_pin). Large setup violations at the end of those stages might be difficult to fix during the post-placement implementation flow and could be the result of non-optimal XDC constraints or non-optimal design architecture
Related violations: <none>

TIMING-16#165 Warning
Large setup violation  
There is a large setup violation of -2.097 ns between WRAPPER/CPU/MW_IR_reg/loop1[31].dff/q_reg_replica/C (clocked by sys_clk_pin) and WRAPPER/CPU/FD_PC_reg/loop1[0].dff/q_reg/D (clocked by sys_clk_pin). Large setup violations at the end of those stages might be difficult to fix during the post-placement implementation flow and could be the result of non-optimal XDC constraints or non-optimal design architecture
Related violations: <none>

TIMING-16#166 Warning
Large setup violation  
There is a large setup violation of -2.124 ns between WRAPPER/CPU/MW_IR_reg/loop1[31].dff/q_reg_replica/C (clocked by sys_clk_pin) and WRAPPER/CPU/PC_reg/loop1[18].dff/q_reg/D (clocked by sys_clk_pin). Large setup violations at the end of those stages might be difficult to fix during the post-placement implementation flow and could be the result of non-optimal XDC constraints or non-optimal design architecture
Related violations: <none>

TIMING-16#167 Warning
Large setup violation  
There is a large setup violation of -2.129 ns between WRAPPER/CPU/MW_IR_reg/loop1[31].dff/q_reg_replica/C (clocked by sys_clk_pin) and WRAPPER/CPU/PC_reg/loop1[11].dff/q_reg/D (clocked by sys_clk_pin). Large setup violations at the end of those stages might be difficult to fix during the post-placement implementation flow and could be the result of non-optimal XDC constraints or non-optimal design architecture
Related violations: <none>

TIMING-16#168 Warning
Large setup violation  
There is a large setup violation of -2.132 ns between WRAPPER/CPU/MW_IR_reg/loop1[31].dff/q_reg_replica/C (clocked by sys_clk_pin) and WRAPPER/CPU/PC_reg/loop1[9].dff/q_reg/D (clocked by sys_clk_pin). Large setup violations at the end of those stages might be difficult to fix during the post-placement implementation flow and could be the result of non-optimal XDC constraints or non-optimal design architecture
Related violations: <none>

TIMING-16#169 Warning
Large setup violation  
There is a large setup violation of -2.135 ns between WRAPPER/CPU/MW_IR_reg/loop1[31].dff/q_reg_replica/C (clocked by sys_clk_pin) and WRAPPER/CPU/PC_reg/loop1[13].dff/q_reg/D (clocked by sys_clk_pin). Large setup violations at the end of those stages might be difficult to fix during the post-placement implementation flow and could be the result of non-optimal XDC constraints or non-optimal design architecture
Related violations: <none>

TIMING-16#170 Warning
Large setup violation  
There is a large setup violation of -2.140 ns between WRAPPER/CPU/MW_IR_reg/loop1[31].dff/q_reg_replica/C (clocked by sys_clk_pin) and WRAPPER/CPU/PC_reg/loop1[7].dff/q_reg/D (clocked by sys_clk_pin). Large setup violations at the end of those stages might be difficult to fix during the post-placement implementation flow and could be the result of non-optimal XDC constraints or non-optimal design architecture
Related violations: <none>

TIMING-16#171 Warning
Large setup violation  
There is a large setup violation of -2.153 ns between WRAPPER/CPU/MW_IR_reg/loop1[31].dff/q_reg_replica/C (clocked by sys_clk_pin) and WRAPPER/CPU/PC_reg/loop1[16].dff/q_reg/D (clocked by sys_clk_pin). Large setup violations at the end of those stages might be difficult to fix during the post-placement implementation flow and could be the result of non-optimal XDC constraints or non-optimal design architecture
Related violations: <none>

TIMING-16#172 Warning
Large setup violation  
There is a large setup violation of -2.157 ns between WRAPPER/CPU/MW_IR_reg/loop1[31].dff/q_reg_replica/C (clocked by sys_clk_pin) and WRAPPER/CPU/PC_reg/loop1[21].dff/q_reg/D (clocked by sys_clk_pin). Large setup violations at the end of those stages might be difficult to fix during the post-placement implementation flow and could be the result of non-optimal XDC constraints or non-optimal design architecture
Related violations: <none>

TIMING-16#173 Warning
Large setup violation  
There is a large setup violation of -2.169 ns between WRAPPER/CPU/MW_IR_reg/loop1[31].dff/q_reg_replica/C (clocked by sys_clk_pin) and WRAPPER/CPU/PC_reg/loop1[17].dff/q_reg/D (clocked by sys_clk_pin). Large setup violations at the end of those stages might be difficult to fix during the post-placement implementation flow and could be the result of non-optimal XDC constraints or non-optimal design architecture
Related violations: <none>

TIMING-16#174 Warning
Large setup violation  
There is a large setup violation of -2.187 ns between WRAPPER/CPU/MW_IR_reg/loop1[31].dff/q_reg_replica/C (clocked by sys_clk_pin) and WRAPPER/CPU/PC_reg/loop1[23].dff/q_reg/D (clocked by sys_clk_pin). Large setup violations at the end of those stages might be difficult to fix during the post-placement implementation flow and could be the result of non-optimal XDC constraints or non-optimal design architecture
Related violations: <none>

TIMING-16#175 Warning
Large setup violation  
There is a large setup violation of -2.228 ns between WRAPPER/CPU/MW_IR_reg/loop1[31].dff/q_reg_replica/C (clocked by sys_clk_pin) and WRAPPER/CPU/PC_reg/loop1[29].dff/q_reg/D (clocked by sys_clk_pin). Large setup violations at the end of those stages might be difficult to fix during the post-placement implementation flow and could be the result of non-optimal XDC constraints or non-optimal design architecture
Related violations: <none>

TIMING-16#176 Warning
Large setup violation  
There is a large setup violation of -2.325 ns between WRAPPER/CPU/MW_IR_reg/loop1[31].dff/q_reg_replica/C (clocked by sys_clk_pin) and WRAPPER/CPU/PC_reg/loop1[12].dff/q_reg/D (clocked by sys_clk_pin). Large setup violations at the end of those stages might be difficult to fix during the post-placement implementation flow and could be the result of non-optimal XDC constraints or non-optimal design architecture
Related violations: <none>

TIMING-18#1 Warning
Missing input or output delay  
An input delay is missing on reset relative to clock(s) sys_clk_pin
Related violations: <none>

TIMING-18#2 Warning
Missing input or output delay  
An output delay is missing on LED_out[0] relative to clock(s) sys_clk_pin
Related violations: <none>

TIMING-18#3 Warning
Missing input or output delay  
An output delay is missing on LED_out[1] relative to clock(s) sys_clk_pin
Related violations: <none>

TIMING-18#4 Warning
Missing input or output delay  
An output delay is missing on LED_out[2] relative to clock(s) sys_clk_pin
Related violations: <none>

TIMING-18#5 Warning
Missing input or output delay  
An output delay is missing on LED_out[3] relative to clock(s) sys_clk_pin
Related violations: <none>

TIMING-18#6 Warning
Missing input or output delay  
An output delay is missing on LED_out[4] relative to clock(s) sys_clk_pin
Related violations: <none>

TIMING-18#7 Warning
Missing input or output delay  
An output delay is missing on LED_out[5] relative to clock(s) sys_clk_pin
Related violations: <none>

TIMING-18#8 Warning
Missing input or output delay  
An output delay is missing on LED_out[6] relative to clock(s) sys_clk_pin
Related violations: <none>

TIMING-18#9 Warning
Missing input or output delay  
An output delay is missing on LED_out[7] relative to clock(s) sys_clk_pin
Related violations: <none>

TIMING-18#10 Warning
Missing input or output delay  
An output delay is missing on anode_activate[0] relative to clock(s) sys_clk_pin
Related violations: <none>

TIMING-18#11 Warning
Missing input or output delay  
An output delay is missing on anode_activate[1] relative to clock(s) sys_clk_pin
Related violations: <none>

TIMING-18#12 Warning
Missing input or output delay  
An output delay is missing on anode_activate[2] relative to clock(s) sys_clk_pin
Related violations: <none>

TIMING-18#13 Warning
Missing input or output delay  
An output delay is missing on anode_activate[3] relative to clock(s) sys_clk_pin
Related violations: <none>

TIMING-18#14 Warning
Missing input or output delay  
An output delay is missing on anode_activate[4] relative to clock(s) sys_clk_pin
Related violations: <none>

TIMING-18#15 Warning
Missing input or output delay  
An output delay is missing on anode_activate[5] relative to clock(s) sys_clk_pin
Related violations: <none>

TIMING-18#16 Warning
Missing input or output delay  
An output delay is missing on anode_activate[6] relative to clock(s) sys_clk_pin
Related violations: <none>

TIMING-18#17 Warning
Missing input or output delay  
An output delay is missing on anode_activate[7] relative to clock(s) sys_clk_pin
Related violations: <none>


